0 info it worked if it ends with ok
1 verbose cli [ 'C:\\Program Files (x86)\\nodejs\\\\node.exe',
1 verbose cli   'C:\\Program Files (x86)\\nodejs\\node_modules\\npm\\bin\\npm-cli.js',
1 verbose cli   'init' ]
2 info using npm@1.2.11
3 info using node@v0.8.20
4 verbose node symlink C:\Program Files (x86)\nodejs\\node.exe
5 verbose read json C:\Users\Alex\Desktop\node snmp server\package.json
6 warn package.json node-snmp-server@0.0.1 No README.md file found!
7 silly package data undefined
8 info init written successfully
9 error Error: canceled
9 error     at Interface.<anonymous> (C:\Program Files (x86)\nodejs\node_modules\npm\node_modules\read\lib\read.js:65:13)
9 error     at Interface.EventEmitter.emit (events.js:126:20)
9 error     at Interface._ttyWrite (readline.js:607:16)
9 error     at ReadStream.onkeypress (readline.js:97:10)
9 error     at ReadStream.EventEmitter.emit (events.js:126:20)
9 error     at emitKey (readline.js:1058:12)
9 error     at ReadStream.onData (readline.js:807:7)
9 error     at ReadStream.EventEmitter.emit (events.js:96:17)
9 error     at TTY.onread (net.js:397:14)
10 error If you need help, you may report this log at:
10 error     <http://github.com/isaacs/npm/issues>
10 error or email it to:
10 error     <npm-@googlegroups.com>
11 error System Windows_NT 6.2.9200
12 error command "C:\\Program Files (x86)\\nodejs\\\\node.exe" "C:\\Program Files (x86)\\nodejs\\node_modules\\npm\\bin\\npm-cli.js" "init"
13 error cwd C:\Users\Alex\Desktop\node snmp server
14 error node -v v0.8.20
15 error npm -v 1.2.11
16 verbose exit [ 1, true ]
